<?xml version="1.0" encoding="UTF-8"?>
<!-- Generated by org.testng.reporters.JUnitReportReporter -->
<testsuite hostname="VBS96" failures="0" tests="1" name="Saucedemo_testcases.Logintest" time="0.506" errors="0" timestamp="2024-01-22T20:44:08 IST" skipped="0">
  <testcase classname="Saucedemo_testcases.Logintest" name="logintest" time="0.506"/>
  <system-out/>
</testsuite> <!-- Saucedemo_testcases.Logintest -->
