<?xml version="1.0" encoding="UTF-8"?>
<!-- Generated by org.testng.reporters.JUnitReportReporter -->
<testsuite hostname="VBS96" failures="0" tests="2" name="Magneto_testcases.Accountpagetest$Createan_account" time="2.736" errors="0" timestamp="2024-02-07T13:40:23 IST" skipped="0">
  <testcase classname="Magneto_testcases.Accountpagetest$Createan_account" name="verifytitle" time="1.262"/>
  <system-out/>
  <testcase classname="Magneto_testcases.Accountpagetest$Createan_account" name="verifylogo" time="1.474"/>
  <system-out/>
</testsuite> <!-- Magneto_testcases.Accountpagetest$Createan_account -->
